Log file open, 05/12/16 11:35:30
LogInit:Display: Running engine for game: Dragon
LogPlatformFile: Not using cached read wrapper
LogInit:Display: RandInit(1687656369) SRandInit(1687656370).
LogTaskGraph: Started task graph with 4 named threads and 7 total threads.
LogStats: Stats thread started at 0.103598
LogInit: Version: 4.11.2-2946394+++UE4+Release-4.11
LogInit: API Version: 2927265
LogInit: Compiled (64-bit): Apr 18 2016 02:18:46
LogInit: Compiled with Visual C++: 19.00.23026.00
LogInit: Build Configuration: Development
LogInit: Branch Name: ++UE4+Release-4.11
LogInit: Command line:  
LogInit: Base directory: F:/Program Files/Epic Games/4.11/Engine/Binaries/Win64/
LogInit: Installed Engine Build: 1
LogInit: Using libcurl 7.41.0
LogInit:  - built for x86_64-pc-win32
LogInit:  - supports SSL with WinSSL
LogInit:  - other features:
LogInit:      CURL_VERSION_SSL
LogInit:      CURL_VERSION_IPV6
LogInit:      CURL_VERSION_ASYNCHDNS
LogInit:      CURL_VERSION_LARGEFILE
LogInit:      CURL_VERSION_IDN
LogInit:  CurlRequestOptions (configurable via config and command line):
LogInit:  - bVerifyPeer = true  - Libcurl will verify peer certificate
LogInit:  - bUseHttpProxy = false  - Libcurl will NOT use HTTP proxy
LogInit:  - bDontReuseConnections = false  - Libcurl will reuse connections
LogInit:  - CertBundlePath = nullptr  - Libcurl will use whatever was configured at build time.
LogInit: Presizing for max 16777216 objects, including 0 objects not considered by GC, pre-allocating 0 bytes for permanent pool.
LogInit: Object subsystem initialized
[2016.05.12-03.35.31:030][  0]LogInit: Selected Device Profile: [Windows]
[2016.05.12-03.35.31:030][  0]LogInit: Applying CVar settings loaded from the selected device profile: [Windows]
[2016.05.12-03.35.31:039][  0]LogInit: Computer: PLAN-CHENXINGHU
[2016.05.12-03.35.31:039][  0]LogInit: User: chenxinghui
[2016.05.12-03.35.31:039][  0]LogInit: CPU Page size=65536, Cores=4
[2016.05.12-03.35.31:039][  0]LogInit: High frequency timer resolution =3.117779 MHz
[2016.05.12-03.35.31:039][  0]LogMemory: Memory total: Physical=15.9GB (16GB approx)
[2016.05.12-03.35.31:039][  0]LogMemory: Platform Memory Stats for Windows
[2016.05.12-03.35.31:039][  0]LogMemory: Process Physical Memory: 312.80 MB used, 312.80 MB peak
[2016.05.12-03.35.31:039][  0]LogMemory: Process Virtual Memory: 315.54 MB used, 315.54 MB peak
[2016.05.12-03.35.31:039][  0]LogMemory: Physical Memory: 4514.66 MB used, 16322.04 MB total
[2016.05.12-03.35.31:039][  0]LogMemory: Virtual Memory: 647.92 MB used, 134217728.00 MB total
[2016.05.12-03.35.31:591][  0]LogD3D11RHI: D3D11 adapters:
[2016.05.12-03.35.31:628][  0]LogD3D11RHI:    0. 'NVIDIA GeForce GTX 660  ' (Feature Level 11_0)
[2016.05.12-03.35.31:628][  0]LogD3D11RHI:       1988MB of dedicated video memory, 0MB of dedicated system memory, and 8161MB of shared system memory, 2 output[s]
[2016.05.12-03.35.31:630][  0]LogD3D11RHI:    1. 'Microsoft Basic Render Driver' (Feature Level 11_0)
[2016.05.12-03.35.31:630][  0]LogD3D11RHI:       0MB of dedicated video memory, 0MB of dedicated system memory, and 8161MB of shared system memory, 0 output[s]
[2016.05.12-03.35.31:630][  0]LogD3D11RHI: Chosen D3D11 Adapter: 0
[2016.05.12-03.35.31:634][  0]LogD3D11RHI: Creating new Direct3DDevice
[2016.05.12-03.35.31:635][  0]LogD3D11RHI:     Adapter Name: NVIDIA GeForce GTX 660  
[2016.05.12-03.35.31:635][  0]LogD3D11RHI:   Driver Version: 10.18.13.6472 (internal 10.18.13.6472)
[2016.05.12-03.35.31:635][  0]LogD3D11RHI:      Driver Date: 3-21-2016
[2016.05.12-03.35.31:635][  0]LogRHI: Texture pool is 1361 MB (70% of 1945 MB)
[2016.05.12-03.35.31:655][  0]LogD3D11RHI: Async texture creation enabled
[2016.05.12-03.35.31:671][  0]LogShaderCompilers: Guid format shader working directory is 28 characters bigger than the processId version (E:/UnrealWorkspace/Dragon/Intermediate/Shaders/WorkingDirectory/2540/).
[2016.05.12-03.35.31:672][  0]LogShaderCompilers: Cleaned the shader compiler working directory 'C:/Users/CHENXI~1.AUR/AppData/Local/Temp/UnrealShaderWorkingDir/6EE2E768435C323F8D2C7FB32165EBA2/'.
[2016.05.12-03.35.31:672][  0]LogShaderCompilers:Display: Using Local Shader Compiler.
[2016.05.12-03.35.34:197][  0]LogTemp:Display: Loaded TP AllDesktopTargetPlatform
[2016.05.12-03.35.34:207][  0]LogTemp:Display: Loaded TP WindowsClientTargetPlatform
[2016.05.12-03.35.34:218][  0]LogTemp:Display: Loaded TP WindowsNoEditorTargetPlatform
[2016.05.12-03.35.34:228][  0]LogTemp:Display: Loaded TP WindowsServerTargetPlatform
[2016.05.12-03.35.34:238][  0]LogTemp:Display: Loaded TP WindowsTargetPlatform
[2016.05.12-03.35.34:244][  0]LogTemp:Display: Loaded TP AndroidTargetPlatform
[2016.05.12-03.35.34:248][  0]LogTemp:Display: Loaded TP Android_ASTCTargetPlatform
[2016.05.12-03.35.34:253][  0]LogTemp:Display: Loaded TP Android_ATCTargetPlatform
[2016.05.12-03.35.34:257][  0]LogTemp:Display: Loaded TP Android_DXTTargetPlatform
[2016.05.12-03.35.34:262][  0]LogTemp:Display: Loaded TP Android_ETC1TargetPlatform
[2016.05.12-03.35.34:268][  0]LogTemp:Display: Loaded TP Android_ETC2TargetPlatform
[2016.05.12-03.35.34:278][  0]LogTemp:Display: Loaded TP Android_MultiTargetPlatform
[2016.05.12-03.35.34:278][  0]LogTemp:Display: Loaded TP Android_PVRTCTargetPlatform
[2016.05.12-03.35.34:279][  0]LogTemp:Display: Loaded TP HTML5TargetPlatform
[2016.05.12-03.35.34:303][  0]LogTemp:Display: Loaded TP IOSTargetPlatform
[2016.05.12-03.35.34:306][  0]LogTemp:Display: Loaded TP TVOSTargetPlatform
[2016.05.12-03.35.34:312][  0]LogTemp:Display: Loaded TP LinuxNoEditorTargetPlatform
[2016.05.12-03.35.34:316][  0]LogTemp:Display: Loaded TP LinuxServerTargetPlatform
[2016.05.12-03.35.34:332][  0]LogTemp:Display: Loaded TP LinuxTargetPlatform
[2016.05.12-03.35.34:332][  0]LogTargetPlatformManager:Display: Building Assets For Windows
[2016.05.12-03.35.34:657][  0]LogDerivedDataCache:Display: Max Cache Size: 512 MB
[2016.05.12-03.35.34:949][  0]LogDerivedDataCache: Loaded boot cache 0.29s 46MB C:/Users/chenxinghui.AUROGON/AppData/Local/UnrealEngine/4.11/DerivedDataCache/Boot.ddc.
[2016.05.12-03.35.34:949][  0]LogDerivedDataCache:Display: Loaded Boot cache: C:/Users/chenxinghui.AUROGON/AppData/Local/UnrealEngine/4.11/DerivedDataCache/Boot.ddc
[2016.05.12-03.35.34:949][  0]LogDerivedDataCache: FDerivedDataBackendGraph:  Pak pak cache file E:/UnrealWorkspace/Dragon/DerivedDataCache/DDC.ddp not found, will not use a pak cache.
[2016.05.12-03.35.34:949][  0]LogDerivedDataCache: Unable to find inner node Pak for hierarchical cache Hierarchy.
[2016.05.12-03.35.34:949][  0]LogDerivedDataCache: FDerivedDataBackendGraph:  CompressedPak pak cache file E:/UnrealWorkspace/Dragon/DerivedDataCache/Compressed.ddp not found, will not use a pak cache.
[2016.05.12-03.35.34:949][  0]LogDerivedDataCache: Unable to find inner node CompressedPak for hierarchical cache Hierarchy.
[2016.05.12-03.35.34:994][  0]LogDerivedDataCache:Display: Pak cache opened for reading ../../../Engine/DerivedDataCache/Compressed.ddp.
[2016.05.12-03.35.35:009][  0]LogDerivedDataCache: Using Local data cache path C:/Users/chenxinghui.AUROGON/AppData/Local/UnrealEngine/Common/DerivedDataCache: Writable
[2016.05.12-03.35.35:295][  0]LogInit: Selected Device Profile: [Windows]
[2016.05.12-03.35.35:297][  0]LogContentStreaming: Texture pool size is 0.00 MB
[2016.05.12-03.35.35:616][  0]LogMaterial: Uniform references updated for custom material expression Custom.
[2016.05.12-03.35.35:887][  0]LogMeshUtilities: No automatic mesh reduction module available
[2016.05.12-03.35.35:887][  0]LogMeshUtilities: No automatic mesh merging module available
[2016.05.12-03.35.35:887][  0]LogMeshUtilities: No distributed automatic mesh merging module available
[2016.05.12-03.35.37:776][  0]LogUObjectArray: 27679 objects as part of root set at end of initial load.
[2016.05.12-03.35.37:776][  0]LogUObjectAllocator: 5591600 out of 0 bytes used by permanent object pool.
[2016.05.12-03.35.37:776][  0]LogUObjectArray: CloseDisregardForGC: 0/0 objects in disregard for GC pool
[2016.05.12-03.35.37:802][  0]LogInit: WinSock: version 1.1 (2.2), MaxSocks=32767, MaxUdp=65467
[2016.05.12-03.35.38:406][  0]LogSlate: SlateFontCache - WITH_FREETYPE: 1, WITH_HARFBUZZ: 1
[2016.05.12-03.35.38:406][  0]LogSlate: SlateFontCache - WITH_FREETYPE: 1, WITH_HARFBUZZ: 1
[2016.05.12-03.35.40:076][  0]LogStreaming:Warning: Failed to read file '../../../Engine/Content/Editor/Slate/Common/Selection_16x.png' error.
[2016.05.12-03.35.40:076][  0]LogSlate: Could not find file for Slate resource: ../../../Engine/Content/Editor/Slate/Common/Selection_16x.png
[2016.05.12-03.35.40:076][  0]LogStreaming:Warning: Failed to read file '../../../Engine/Content/Editor/Slate/Common/Selection_16x.png' error.
[2016.05.12-03.35.40:076][  0]LogSlate: Could not find file for Slate resource: ../../../Engine/Content/Editor/Slate/Common/Selection_16x.png
[2016.05.12-03.35.40:076][  0]LogStreaming:Warning: Failed to read file '../../../Engine/Content/Editor/Slate/Common/Selection_16x.png' error.
[2016.05.12-03.35.40:076][  0]LogSlate: Could not find file for Slate resource: ../../../Engine/Content/Editor/Slate/Common/Selection_16x.png
[2016.05.12-03.35.48:656][  0]LogUdpMessaging: Initializing bridge on interface 0.0.0.0:0 to multicast group 230.0.0.1:6666.
[2016.05.12-03.35.48:979][  0]LogAssetRegistry: FAssetRegistry took 0.0214 seconds to start up
[2016.05.12-03.35.50:367][  0]SourceControl: Info Source control is disabled
[2016.05.12-03.35.50:369][  0]SourceControl: Info Source control is disabled
[2016.05.12-03.35.50:633][  0]SourceControl: Info Source control is disabled
[2016.05.12-03.35.50:772][  0]SourceControl: Info Source control is disabled
[2016.05.12-03.35.52:614][  0]LogHMD: Failed to initialize OpenVR with code 110
[2016.05.12-03.35.52:903][  0]LogEngine: Initializing Engine...
[2016.05.12-03.35.53:432][  0]LogAIModule: Creating AISystem for world NewWorld
[2016.05.12-03.35.53:457][  0]LogInit: XAudio2 using '扬声器 (Realtek High Definition Audio)' : 2 channels at 48 kHz using 32 bits per sample (channel mask 0x3)
[2016.05.12-03.35.53:499][  0]LogInit: FAudioDevice initialized.
[2016.05.12-03.35.53:529][  0]LogDerivedDataCache: Saved boot cache 0.03s 46MB C:/Users/chenxinghui.AUROGON/AppData/Local/UnrealEngine/4.11/DerivedDataCache/Boot.ddc.
[2016.05.12-03.35.53:532][  0]LogInit: Texture streaming: Enabled
[2016.05.12-03.35.53:587][  0]LogInit: Transaction tracking system initialized
[2016.05.12-03.35.53:656][  0]BlueprintLog: New page: Editor Load
[2016.05.12-03.35.53:914][  0]LocalizationService: Info Localization service is disabled
[2016.05.12-03.35.54:140][  0]LogConsoleResponse:Display: 
[2016.05.12-03.35.55:952][  0]LogCook:Display: Max memory allowance for cook 8192mb
[2016.05.12-03.35.55:952][  0]LogCook:Display: Mobile HDR setting 1
[2016.05.12-03.35.55:952][  0]LogCook:Display: Done creating registry. It took  0.00s.
[2016.05.12-03.35.56:655][  0]LogFileCache: Scanning file cache for directory 'E:/UnrealWorkspace/Dragon/Content/' took 0.02s
[2016.05.12-03.35.56:655][  0]SourceControl: Info Source control is disabled
[2016.05.12-03.35.56:655][  0]Cmd: MAP LOAD FILE="E:/UnrealWorkspace/Dragon/Content/ThirdPersonBP/Maps/ThirdPersonExampleMap.umap" TEMPLATE=0 SHOWPROGRESS=1 FEATURELEVEL=3
[2016.05.12-03.35.56:656][  0]LightingResults: New page: Lighting Build
[2016.05.12-03.35.56:663][  0]MapCheck: New page: Map Check
[2016.05.12-03.35.56:663][  0]LightingResults: New page: Lighting Build
[2016.05.12-03.35.59:252][  0]LogAIModule: Creating AISystem for world ThirdPersonExampleMap
[2016.05.12-03.35.59:653][  0]LogEditorServer: Finished looking for orphan Actors (0.000 secs)
[2016.05.12-03.35.59:653][  0]Cmd: MAP CHECKDEP NOCLEARLOG
[2016.05.12-03.35.59:724][  0]MapCheck: Info Map check complete: 0 Error(s), 0 Warning(s), took 70.668ms to complete.
[2016.05.12-03.35.59:724][  0]LogFileHelpers: Loading map 'ThirdPersonExampleMap' took 3.068
[2016.05.12-03.36.00:330][  0]LogCollectionManager: Loaded 0 collections in 0.005894 seconds
[2016.05.12-03.36.00:385][  0]LogFileCache: Scanning file cache for directory 'E:/UnrealWorkspace/Dragon/Saved/Collections/' took 0.01s
[2016.05.12-03.36.00:385][  0]LogFileCache: Scanning file cache for directory 'E:/UnrealWorkspace/Dragon/Content/Developers/chenxinghui/Collections/' took 0.01s
[2016.05.12-03.36.00:385][  0]LogFileCache: Scanning file cache for directory 'E:/UnrealWorkspace/Dragon/Content/Collections/' took 0.01s
[2016.05.12-03.36.00:385][  0]LogCollectionManager: Rebuilt the GUID cache for 0 collections in 0.000007 seconds
[2016.05.12-03.36.00:393][  0]LogContentBrowser: Native class hierarchy populated in 0.0078 seconds. Added 2005 classes and 355 folders.
[2016.05.12-03.36.00:561][  0]LogStats: UGameplayTagsManager::ConstructGameplayTagTree: Construct from data asset -  0.000 s
[2016.05.12-03.36.00:561][  0]LogStats: UGameplayTagsManager::ConstructGameplayTagTree: GameplayTagTreeChangedEvent.Broadcast -  0.000 s
[2016.05.12-03.36.00:561][  0]LogContentBrowser: Native class hierarchy updated for 'GameplayTags' in 0.0004 seconds. Added 12 classes and 0 folders.
[2016.05.12-03.36.00:578][  0]LogContentBrowser: Native class hierarchy updated for 'WidgetCarousel' in 0.0004 seconds. Added 0 classes and 0 folders.
[2016.05.12-03.36.00:803][  0]LogContentBrowser: Native class hierarchy updated for 'SuperSearch' in 0.0004 seconds. Added 1 classes and 2 folders.
[2016.05.12-03.36.04:167][  0]LogContentBrowser: Native class hierarchy updated for 'AddContentDialog' in 0.0007 seconds. Added 0 classes and 0 folders.
[2016.05.12-03.36.04:176][  0]LogContentBrowser: Native class hierarchy updated for 'SceneOutliner' in 0.0004 seconds. Added 1 classes and 2 folders.
[2016.05.12-03.36.04:636][  0]LogCrashTracker: Crashtracker disabled due to settings.
[2016.05.12-03.36.04:646][  0]LogUObjectGlobals:Warning: Failed to find object 'Class None.'
[2016.05.12-03.36.04:814][  0]LogContentBrowser: Native class hierarchy updated for 'HierarchicalLODOutliner' in 0.0005 seconds. Added 1 classes and 2 folders.
[2016.05.12-03.36.04:815][  0]LogLoad: Full Startup: 35.05 seconds (BP compile: 0.37 seconds)
[2016.05.12-03.36.04:815][  0]LogExternalProfiler: Found external profiler: VSPerf
[2016.05.12-03.36.04:815][  0]LogExternalProfiler: Using external profiler: VSPerf
[2016.05.12-03.36.05:178][  0]LogOcInput: OculusInput pre-init called
[2016.05.12-03.36.05:263][  0]LogContentStreaming: Texture pool size now 700 MB
[2016.05.12-03.36.05:600][  0]LogRenderer: Reallocating scene render targets to support 984x488 (Frame:2).
[2016.05.12-03.36.05:669][  1]LogAssetRegistry: Asset discovery search completed in 16.7121 seconds
[2016.05.12-03.36.05:669][  1]LogCollectionManager: Rebuilt the object cache for 0 collections in 0.000001 seconds (found 0 objects)
[2016.05.12-03.36.05:669][  1]LogCollectionManager: Fixed up redirectors for 0 collections in 0.000047 seconds (updated 0 objects)
[2016.05.12-03.41.28:590][861]LogEditorViewport: Clicking on Actor (LMB): BP_Sky_Sphere_C (SkySphereBlueprint)
[2016.05.12-03.41.28:788][861]LogEditorViewport: Clicking on Actor (LMB): BP_Sky_Sphere_C (SkySphereBlueprint)
[2016.05.12-03.41.30:109][883]LogEditorViewport: Clicking on Actor (context menu): BP_Sky_Sphere_C (SkySphereBlueprint)
[2016.05.12-03.46.05:938][377]LogFileHelpers: Editor autosave (incl. sublevels) for '/Game/ThirdPersonBP/Maps/ThirdPersonExampleMap' took 0.469
[2016.05.12-03.46.05:944][377]OBJ SavePackage: Generating thumbnails for [0] asset(s) in package [/Game/CherryBone/TestContent/Ch_Major] ([1] browsable assets)...
[2016.05.12-03.46.05:944][377]OBJ SavePackage: Finished generating thumbnails for package [/Game/CherryBone/TestContent/Ch_Major]
[2016.05.12-03.46.05:944][377]Cmd: OBJ SAVEPACKAGE PACKAGE="/Game/CherryBone/TestContent/Ch_Major" FILE="E:/UnrealWorkspace/Dragon/Saved/Autosaves/Game/CherryBone/TestContent/Ch_Major_Auto1.uasset" SILENT=false AUTOSAVING=true
[2016.05.12-03.46.06:130][377]LogSavePackage: Save=183.38ms
[2016.05.12-03.46.06:130][377]LogSavePackage: Moving 'E:/UnrealWorkspace/Dragon/Saved/Ch_Major_Auto153E5A2DD4E53A4AB97851A818E3E2278.tmp' to 'E:/UnrealWorkspace/Dragon/Saved/Autosaves/Game/CherryBone/TestContent/Ch_Major_Auto1.uasset'
[2016.05.12-03.46.06:141][377]LogSavePackage: Total save time: 194.93ms
[2016.05.12-03.46.06:141][377]LogSavePackage:Display: Finished SavePackage E:/UnrealWorkspace/Dragon/Saved/Autosaves/Game/CherryBone/TestContent/Ch_Major_Auto1.uasset
[2016.05.12-03.46.06:141][377]LogFileHelpers: Auto-saving content packages took 0.202
[2016.05.12-04.27.56:593][101]Cmd: OBJ SAVEPACKAGE PACKAGE="/Game/CherryBone/TestContent/Ch_Major" FILE="E:/UnrealWorkspace/Dragon/Content/CherryBone/TestContent/Ch_Major.uasset" SILENT=true
[2016.05.12-04.27.56:611][101]LogSavePackage: Save=16.03ms
[2016.05.12-04.27.56:611][101]LogSavePackage: Moving 'E:/UnrealWorkspace/Dragon/Saved/Ch_Major7C7FB9114B6863CB7F3A6184D12EA5FA.tmp' to 'E:/UnrealWorkspace/Dragon/Content/CherryBone/TestContent/Ch_Major.uasset'
[2016.05.12-04.27.56:615][101]LogSavePackage: Total save time: 19.94ms
[2016.05.12-04.27.56:615][101]LogSavePackage:Display: Finished SavePackage E:/UnrealWorkspace/Dragon/Content/CherryBone/TestContent/Ch_Major.uasset
[2016.05.12-04.34.32:852][881]LogWindowsTextInputMethodSystem:Display: IME system now activated using TSF (搜狗拼音输入法).
[2016.05.12-04.34.33:239][882]Cmd: QUIT_EDITOR
[2016.05.12-04.34.33:494][882]LogExit: Preparing to exit.
[2016.05.12-04.34.35:162][882]LogExit: Editor shut down
[2016.05.12-04.34.35:162][882]LogExit: Transaction tracking system shut down
[2016.05.12-04.34.36:120][882]LogObj: Freed 0b from 0 cluster array pools.
[2016.05.12-04.34.36:120][882]LogExit: Object subsystem successfully closed.
[2016.05.12-04.34.36:314][882]LogD3D11RHI: Shutdown
[2016.05.12-04.34.36:314][882]LogD3D11RHI: CleanupD3DDevice
[2016.05.12-04.34.36:399][882]LogD3D11RHI: ~FD3D11DynamicRHI
[2016.05.12-04.34.36:526][882]LogDerivedDataCache: Shutdown
[2016.05.12-04.34.36:963][882]LogModuleManager: Shutting down and abandoning module HierarchicalLODOutliner (206)
[2016.05.12-04.34.36:980][882]LogModuleManager: Shutting down and abandoning module CrashTracker (205)
[2016.05.12-04.34.36:980][882]LogModuleManager: Shutting down and abandoning module SceneOutliner (204)
[2016.05.12-04.34.36:980][882]LogModuleManager: Shutting down and abandoning module SuperSearch (203)
[2016.05.12-04.34.36:980][882]LogModuleManager: Shutting down and abandoning module WidgetCarousel (202)
[2016.05.12-04.34.36:980][882]LogModuleManager: Shutting down and abandoning module AddContentDialog (201)
[2016.05.12-04.34.36:993][882]LogModuleManager: Shutting down and abandoning module GameplayTags (200)
[2016.05.12-04.34.36:993][882]LogModuleManager: Shutting down and abandoning module EditorWidgets (199)
[2016.05.12-04.34.36:993][882]LogModuleManager: Shutting down and abandoning module CollectionManager (198)
[2016.05.12-04.34.37:007][882]LogModuleManager: Shutting down and abandoning module StatsViewer (197)
[2016.05.12-04.34.37:007][882]LogModuleManager: Shutting down and abandoning module FoliageEdit (196)
[2016.05.12-04.34.37:007][882]LogModuleManager: Shutting down and abandoning module LandscapeEditor (195)
[2016.05.12-04.34.37:008][882]LogModuleManager: Shutting down and abandoning module ActorPickerMode (194)
[2016.05.12-04.34.37:008][882]LogModuleManager: Shutting down and abandoning module GeometryMode (193)
[2016.05.12-04.34.37:008][882]LogModuleManager: Shutting down and abandoning module TextureAlignMode (192)
[2016.05.12-04.34.37:008][882]LogModuleManager: Shutting down and abandoning module BspMode (191)
[2016.05.12-04.34.37:008][882]LogModuleManager: Shutting down and abandoning module PlacementMode (190)
[2016.05.12-04.34.37:008][882]LogModuleManager: Shutting down and abandoning module AutomationWorker (189)
[2016.05.12-04.34.37:008][882]LogModuleManager: Shutting down and abandoning module CharacterAI (188)
[2016.05.12-04.34.37:008][882]LogModuleManager: Shutting down and abandoning module SmartSnapping (187)
[2016.05.12-04.34.37:008][882]LogModuleManager: Shutting down and abandoning module ViewportSnapping (186)
[2016.05.12-04.34.37:008][882]LogModuleManager: Shutting down and abandoning module LogVisualizer (185)
[2016.05.12-04.34.37:032][882]LogModuleManager: Shutting down and abandoning module GameProjectGeneration (184)
[2016.05.12-04.34.37:046][882]LogModuleManager: Shutting down and abandoning module IntroTutorials (183)
[2016.05.12-04.34.37:075][882]LogModuleManager: Shutting down and abandoning module EditorLiveStreaming (182)
[2016.05.12-04.34.37:075][882]LogModuleManager: Shutting down and abandoning module IOSPlatformEditor (181)
[2016.05.12-04.34.37:088][882]LogModuleManager: Shutting down and abandoning module HTML5PlatformEditor (180)
[2016.05.12-04.34.37:088][882]LogModuleManager: Shutting down and abandoning module AndroidDeviceDetection (179)
[2016.05.12-04.34.37:215][882]LogModuleManager: Shutting down and abandoning module AndroidPlatformEditor (178)
[2016.05.12-04.34.37:215][882]LogModuleManager: Shutting down and abandoning module IOSRuntimeSettings (177)
[2016.05.12-04.34.37:215][882]LogModuleManager: Shutting down and abandoning module AndroidRuntimeSettings (176)
[2016.05.12-04.34.37:215][882]LogModuleManager: Shutting down and abandoning module MergeActors (175)
[2016.05.12-04.34.37:234][882]LogModuleManager: Shutting down and abandoning module SizeMap (174)
[2016.05.12-04.34.37:234][882]LogModuleManager: Shutting down and abandoning module TreeMap (173)
[2016.05.12-04.34.37:234][882]LogModuleManager: Shutting down and abandoning module ReferenceViewer (172)
[2016.05.12-04.34.37:234][882]LogModuleManager: Shutting down and abandoning module LocalizationService (171)
[2016.05.12-04.34.37:244][882]LogModuleManager: Shutting down and abandoning module LocalizationDashboard (170)
[2016.05.12-04.34.37:259][882]LogModuleManager: Shutting down and abandoning module HardwareTargeting (169)
[2016.05.12-04.34.37:259][882]LogModuleManager: Shutting down and abandoning module DeviceProfileEditor (168)
[2016.05.12-04.34.37:274][882]LogModuleManager: Shutting down and abandoning module UndoHistory (167)
[2016.05.12-04.34.37:274][882]LogModuleManager: Shutting down and abandoning module UserFeedback (166)
[2016.05.12-04.34.37:274][882]LogModuleManager: Shutting down and abandoning module XmlParser (165)
[2016.05.12-04.34.37:274][882]LogModuleManager: Shutting down and abandoning module Blutility (164)
[2016.05.12-04.34.37:282][882]LogModuleManager: Shutting down and abandoning module ProjectTargetPlatformEditor (163)
[2016.05.12-04.34.37:282][882]LogModuleManager: Shutting down and abandoning module ProjectSettingsViewer (162)
[2016.05.12-04.34.37:282][882]LogModuleManager: Shutting down and abandoning module InputBindingEditor (161)
[2016.05.12-04.34.37:282][882]LogModuleManager: Shutting down and abandoning module EditorSettingsViewer (160)
[2016.05.12-04.34.37:282][882]LogModuleManager: Shutting down and abandoning module SettingsEditor (159)
[2016.05.12-04.34.37:291][882]LogModuleManager: Shutting down and abandoning module ProjectLauncher (158)
[2016.05.12-04.34.37:291][882]LogModuleManager: Shutting down and abandoning module SessionFrontend (157)
[2016.05.12-04.34.37:291][882]LogModuleManager: Shutting down and abandoning module ProfilerClient (156)
[2016.05.12-04.34.37:291][882]LogModuleManager: Shutting down and abandoning module TargetDeviceServices (155)
[2016.05.12-04.34.37:291][882]LogModuleManager: Shutting down and abandoning module DeviceManager (154)
[2016.05.12-04.34.37:334][882]LogModuleManager: Shutting down and abandoning module AutomationController (153)
[2016.05.12-04.34.37:348][882]LogModuleManager: Shutting down and abandoning module AutomationWindow (152)
[2016.05.12-04.34.37:361][882]LogModuleManager: Shutting down and abandoning module Layers (151)
[2016.05.12-04.34.37:381][882]LogModuleManager: Shutting down and abandoning module ComponentVisualizers (150)
[2016.05.12-04.34.37:381][882]LogModuleManager: Shutting down and abandoning module DetailCustomizations (149)
[2016.05.12-04.34.37:394][882]LogModuleManager: Shutting down and abandoning module PackagesDialog (148)
[2016.05.12-04.34.37:394][882]LogModuleManager: Shutting down and abandoning module Persona (147)
[2016.05.12-04.34.37:395][882]LogModuleManager: Shutting down and abandoning module Kismet (146)
[2016.05.12-04.34.37:409][882]LogModuleManager: Shutting down and abandoning module GraphEditor (145)
[2016.05.12-04.34.37:457][882]LogModuleManager: Shutting down and abandoning module ClassViewer (144)
[2016.05.12-04.34.37:458][882]LogModuleManager: Shutting down and abandoning module Toolbox (143)
[2016.05.12-04.34.37:458][882]LogModuleManager: Shutting down and abandoning module ModuleUI (142)
[2016.05.12-04.34.37:469][882]LogModuleManager: Shutting down and abandoning module MovieSceneTools (141)
[2016.05.12-04.34.37:480][882]LogModuleManager: Shutting down and abandoning module OutputLog (140)
[2016.05.12-04.34.37:480][882]LogModuleManager: Shutting down and abandoning module GammaUI (139)
[2016.05.12-04.34.37:502][882]LogModuleManager: Shutting down and abandoning module Documentation (138)
[2016.05.12-04.34.37:502][882]LogModuleManager: Shutting down and abandoning module StreamingPauseRendering (137)
[2016.05.12-04.34.37:502][882]LogModuleManager: Shutting down and abandoning module AnalyticsET (136)
[2016.05.12-04.34.37:502][882]LogModuleManager: Shutting down and abandoning module Analytics (135)
[2016.05.12-04.34.37:502][882]LogModuleManager: Shutting down and abandoning module PortalServices (134)
[2016.05.12-04.34.37:502][882]LogModuleManager: Shutting down and abandoning module PortalRpc (133)
[2016.05.12-04.34.37:502][882]LogModuleManager: Shutting down and abandoning module MessagingRpc (132)
[2016.05.12-04.34.37:502][882]LogModuleManager: Shutting down and abandoning module AITestSuite (131)
[2016.05.12-04.34.37:509][882]LogModuleManager: Shutting down and abandoning module GameplayDebugger (130)
[2016.05.12-04.34.37:509][882]LogModuleManager: Shutting down and abandoning module AIModule (129)
[2016.05.12-04.34.37:509][882]LogModuleManager: Shutting down and abandoning module ProfilerService (128)
[2016.05.12-04.34.37:680][882]LogModuleManager: Shutting down and abandoning module TaskGraph (127)
[2016.05.12-04.34.37:681][882]LogModuleManager: Shutting down and abandoning module SlateRemote (126)
[2016.05.12-04.34.37:681][882]LogModuleManager: Shutting down and abandoning module SteamVRController (125)
[2016.05.12-04.34.37:681][882]LogModuleManager: Shutting down and abandoning module SteamVR (124)
[2016.05.12-04.34.37:681][882]LogModuleManager: Shutting down and abandoning module ProceduralMeshComponent (123)
[2016.05.12-04.34.37:681][882]LogModuleManager: Shutting down and abandoning module OculusLibrary (122)
[2016.05.12-04.34.37:681][882]LogModuleManager: Shutting down and abandoning module OculusInput (121)
[2016.05.12-04.34.37:681][882]LogModuleManager: Shutting down and abandoning module FaceFXEditor (120)
[2016.05.12-04.34.37:681][882]LogModuleManager: Shutting down and abandoning module FaceFX (119)
[2016.05.12-04.34.37:681][882]LogModuleManager: Shutting down and abandoning module CustomMeshComponent (118)
[2016.05.12-04.34.37:681][882]LogModuleManager: Shutting down and abandoning module CableComponent (117)
[2016.05.12-04.34.37:681][882]LogModuleManager: Shutting down and abandoning module ArchVisCharacter (116)
[2016.05.12-04.34.37:681][882]LogModuleManager: Shutting down and abandoning module MediaPlayerEditor (115)
[2016.05.12-04.34.37:681][882]LogModuleManager: Shutting down and abandoning module HTML5Networking (114)
[2016.05.12-04.34.37:681][882]LogModuleManager: Shutting down and abandoning module SpeedTreeImporter (113)
[2016.05.12-04.34.37:681][882]LogModuleManager: Shutting down and abandoning module PluginBrowser (112)
[2016.05.12-04.34.37:681][882]LogModuleManager: Shutting down and abandoning module EpicSurvey (111)
[2016.05.12-04.34.37:681][882]LogModuleManager: Shutting down and abandoning module DesktopPlatform (110)
[2016.05.12-04.34.37:697][882]LogModuleManager: Shutting down and abandoning module VisualStudioSourceCodeAccess (109)
[2016.05.12-04.34.37:697][882]LogModuleManager: Shutting down and abandoning module UObjectPlugin (108)
[2016.05.12-04.34.37:697][882]LogModuleManager: Shutting down and abandoning module SubversionSourceControl (107)
[2016.05.12-04.34.37:697][882]LogModuleManager: Shutting down and abandoning module PerforceSourceControl (106)
[2016.05.12-04.34.37:697][882]LogModuleManager: Shutting down and abandoning module SourceControl (105)
[2016.05.12-04.34.37:697][882]LogModuleManager: Shutting down and abandoning module GitSourceControl (104)
[2016.05.12-04.34.37:697][882]LogModuleManager: Shutting down and abandoning module LightPropagationVolumeEditor (103)
[2016.05.12-04.34.37:697][882]LogModuleManager: Shutting down and abandoning module PaperTiledImporter (102)
[2016.05.12-04.34.37:697][882]LogModuleManager: Shutting down and abandoning module PaperSpriteSheetImporter (101)
[2016.05.12-04.34.37:697][882]LogModuleManager: Shutting down and abandoning module MeshPaint (100)
[2016.05.12-04.34.37:706][882]LogModuleManager: Shutting down and abandoning module HotReload (99)
[2016.05.12-04.34.37:707][882]LogModuleManager: Shutting down and abandoning module MainFrame (98)
[2016.05.12-04.34.37:707][882]LogModuleManager: Shutting down and abandoning module LevelEditor (97)
[2016.05.12-04.34.37:707][882]LogModuleManager: Shutting down and abandoning module DirectoryWatcher (96)
[2016.05.12-04.34.37:709][882]LogModuleManager: Shutting down and abandoning module AssetRegistry (95)
[2016.05.12-04.34.37:934][882]LogModuleManager: Shutting down and abandoning module ContentBrowser (94)
[2016.05.12-04.34.37:934][882]LogModuleManager: Shutting down and abandoning module Paper2DEditor (93)
[2016.05.12-04.34.37:934][882]LogModuleManager: Shutting down and abandoning module UdpMessaging (92)
[2016.05.12-04.34.38:035][882]LogModuleManager: Shutting down and abandoning module LightPropagationVolumeRuntime (91)
[2016.05.12-04.34.38:035][882]LogModuleManager: Shutting down and abandoning module Paper2D (90)
[2016.05.12-04.34.38:035][882]LogModuleManager: Shutting down and abandoning module WindowsMoviePlayer (89)
[2016.05.12-04.34.38:035][882]LogModuleManager: Shutting down and abandoning module Media (88)
[2016.05.12-04.34.38:035][882]LogModuleManager: Shutting down and abandoning module WmfMedia (87)
[2016.05.12-04.34.38:035][882]LogModuleManager: Shutting down and abandoning module MediaAssets (86)
[2016.05.12-04.34.38:035][882]LogModuleManager: Shutting down and abandoning module GameLiveStreaming (85)
[2016.05.12-04.34.38:046][882]LogModuleManager: Shutting down and abandoning module GameplayTagsEditor (84)
[2016.05.12-04.34.38:046][882]LogModuleManager: Shutting down and abandoning module OnlineBlueprintSupport (83)
[2016.05.12-04.34.38:046][882]LogModuleManager: Shutting down and abandoning module GameplayTasksEditor (82)
[2016.05.12-04.34.38:046][882]LogModuleManager: Shutting down and abandoning module PropertyEditor (81)
[2016.05.12-04.34.38:046][882]LogModuleManager: Shutting down and abandoning module BehaviorTreeEditor (80)
[2016.05.12-04.34.38:065][882]LogModuleManager: Shutting down and abandoning module FunctionalTesting (79)
[2016.05.12-04.34.38:065][882]LogModuleManager: Shutting down and abandoning module CollisionAnalyzer (78)
[2016.05.12-04.34.38:084][882]LogModuleManager: Shutting down and abandoning module WorkspaceMenuStructure (77)
[2016.05.12-04.34.38:084][882]LogModuleManager: Shutting down and abandoning module MessageLog (76)
[2016.05.12-04.34.38:084][882]LogModuleManager: Shutting down and abandoning module Sequencer (75)
[2016.05.12-04.34.38:084][882]LogModuleManager: Shutting down and abandoning module AssetTools (74)
[2016.05.12-04.34.38:114][882]LogModuleManager: Shutting down and abandoning module UMGEditor (73)
[2016.05.12-04.34.38:114][882]LogModuleManager: Shutting down and abandoning module UMG (72)
[2016.05.12-04.34.38:114][882]LogModuleManager: Shutting down and abandoning module SlateReflector (71)
[2016.05.12-04.34.38:114][882]LogModuleManager: Shutting down and abandoning module Slate (70)
[2016.05.12-04.34.38:114][882]LogModuleManager: Shutting down and abandoning module EditorStyle (69)
[2016.05.12-04.34.38:122][882]LogModuleManager: Shutting down and abandoning module SessionServices (68)
[2016.05.12-04.34.38:122][882]LogModuleManager: Shutting down and abandoning module SourceCodeAccess (67)
[2016.05.12-04.34.38:122][882]LogModuleManager: Shutting down and abandoning module HeadMountedDisplay (66)
[2016.05.12-04.34.38:122][882]LogModuleManager: Shutting down and abandoning module XAudio2 (65)
[2016.05.12-04.34.38:122][882]LogModuleManager: Shutting down and abandoning module Networking (63)
[2016.05.12-04.34.38:122][882]LogModuleManager: Shutting down and abandoning module Core (62)
[2016.05.12-04.34.38:122][882]LogModuleManager: Shutting down and abandoning module KismetCompiler (61)
[2016.05.12-04.34.38:128][882]LogModuleManager: Shutting down and abandoning module PhysXFormats (60)
[2016.05.12-04.34.38:128][882]LogModuleManager: Shutting down and abandoning module MeshUtilities (59)
[2016.05.12-04.34.38:150][882]LogModuleManager: Shutting down and abandoning module CookingStats (58)
[2016.05.12-04.34.38:150][882]LogModuleManager: Shutting down and abandoning module DerivedDataCache (57)
[2016.05.12-04.34.38:150][882]LogDerivedDataCache: Shutdown
[2016.05.12-04.34.38:150][882]LogModuleManager: Shutting down and abandoning module ShaderFormatOpenGL (56)
[2016.05.12-04.34.38:150][882]LogModuleManager: Shutting down and abandoning module ShaderFormatD3D (55)
[2016.05.12-04.34.38:150][882]LogModuleManager: Shutting down and abandoning module MetalShaderFormat (54)
[2016.05.12-04.34.38:165][882]LogModuleManager: Shutting down and abandoning module TextureFormatUncompressed (53)
[2016.05.12-04.34.38:165][882]LogModuleManager: Shutting down and abandoning module TextureFormatPVR (52)
[2016.05.12-04.34.38:165][882]LogModuleManager: Shutting down and abandoning module TextureFormatIntelISPCTexComp (51)
[2016.05.12-04.34.38:165][882]LogModuleManager: Shutting down and abandoning module TextureFormatDXT (50)
[2016.05.12-04.34.38:165][882]LogModuleManager: Shutting down and abandoning module ImageWrapper (49)
[2016.05.12-04.34.38:165][882]LogModuleManager: Shutting down and abandoning module TextureFormatASTC (48)
[2016.05.12-04.34.38:165][882]LogModuleManager: Shutting down and abandoning module TextureFormatAndroid (47)
[2016.05.12-04.34.38:165][882]LogModuleManager: Shutting down and abandoning module AudioFormatOpus (46)
[2016.05.12-04.34.38:176][882]LogModuleManager: Shutting down and abandoning module AudioFormatOgg (45)
[2016.05.12-04.34.38:176][882]LogModuleManager: Shutting down and abandoning module AudioFormatADPCM (44)
[2016.05.12-04.34.38:176][882]LogModuleManager: Shutting down and abandoning module LinuxTargetPlatform (43)
[2016.05.12-04.34.38:176][882]LogModuleManager: Shutting down and abandoning module LinuxServerTargetPlatform (42)
[2016.05.12-04.34.38:176][882]LogModuleManager: Shutting down and abandoning module LinuxNoEditorTargetPlatform (41)
[2016.05.12-04.34.38:176][882]LogModuleManager: Shutting down and abandoning module TVOSTargetPlatform (40)
[2016.05.12-04.34.38:176][882]LogModuleManager: Shutting down and abandoning module Messaging (39)
[2016.05.12-04.34.38:176][882]LogModuleManager: Shutting down and abandoning module IOSTargetPlatform (38)
[2016.05.12-04.34.38:176][882]LogModuleManager: Shutting down and abandoning module HTML5TargetPlatform (37)
[2016.05.12-04.34.38:176][882]LogModuleManager: Shutting down and abandoning module Android_PVRTCTargetPlatform (36)
[2016.05.12-04.34.38:176][882]LogModuleManager: Shutting down and abandoning module Android_MultiTargetPlatform (35)
[2016.05.12-04.34.38:176][882]LogModuleManager: Shutting down and abandoning module Android_ETC2TargetPlatform (34)
[2016.05.12-04.34.38:176][882]LogModuleManager: Shutting down and abandoning module Android_ETC1TargetPlatform (33)
[2016.05.12-04.34.38:176][882]LogModuleManager: Shutting down and abandoning module Android_DXTTargetPlatform (32)
[2016.05.12-04.34.38:176][882]LogModuleManager: Shutting down and abandoning module Android_ATCTargetPlatform (31)
[2016.05.12-04.34.38:176][882]LogModuleManager: Shutting down and abandoning module Android_ASTCTargetPlatform (30)
[2016.05.12-04.34.38:176][882]LogModuleManager: Shutting down and abandoning module AndroidTargetPlatform (29)
[2016.05.12-04.34.38:176][882]LogModuleManager: Shutting down and abandoning module WindowsTargetPlatform (28)
[2016.05.12-04.34.38:176][882]LogModuleManager: Shutting down and abandoning module WindowsServerTargetPlatform (27)
[2016.05.12-04.34.38:176][882]LogModuleManager: Shutting down and abandoning module WindowsNoEditorTargetPlatform (26)
[2016.05.12-04.34.38:176][882]LogModuleManager: Shutting down and abandoning module WindowsClientTargetPlatform (25)
[2016.05.12-04.34.38:176][882]LogModuleManager: Shutting down and abandoning module AllDesktopTargetPlatform (24)
[2016.05.12-04.34.38:176][882]LogModuleManager: Shutting down and abandoning module TargetPlatform (23)
[2016.05.12-04.34.38:176][882]LogModuleManager: Shutting down and abandoning module InputCore (22)
[2016.05.12-04.34.38:176][882]LogModuleManager: Shutting down and abandoning module Settings (21)
[2016.05.12-04.34.38:176][882]LogModuleManager: Shutting down and abandoning module OnlineSubsystem (19)
[2016.05.12-04.34.38:176][882]LogModuleManager: Shutting down and abandoning module HTTP (18)
[2016.05.12-04.34.40:681][882]LogModuleManager: Shutting down and abandoning module XMPP (17)
[2016.05.12-04.34.40:681][882]LogModuleManager: Shutting down and abandoning module OculusRift (16)
[2016.05.12-04.34.40:681][882]LogModuleManager: Shutting down and abandoning module ExampleDeviceProfileSelector (15)
[2016.05.12-04.34.40:681][882]LogModuleManager: Shutting down and abandoning module TextureCompressor (14)
[2016.05.12-04.34.40:681][882]LogModuleManager: Shutting down and abandoning module ShaderCore (13)
[2016.05.12-04.34.40:681][882]LogModuleManager: Shutting down and abandoning module Landscape (12)
[2016.05.12-04.34.40:681][882]LogModuleManager: Shutting down and abandoning module SlateRHIRenderer (11)
[2016.05.12-04.34.40:683][882]LogModuleManager: Shutting down and abandoning module OpenGLDrv (10)
[2016.05.12-04.34.40:683][882]LogModuleManager: Shutting down and abandoning module D3D11RHI (9)
[2016.05.12-04.34.40:683][882]LogModuleManager: Shutting down and abandoning module AnimGraphRuntime (8)
[2016.05.12-04.34.40:691][882]LogModuleManager: Shutting down and abandoning module Renderer (7)
[2016.05.12-04.34.40:691][882]LogModuleManager: Shutting down and abandoning module Engine (6)
[2016.05.12-04.34.40:691][882]LogModuleManager: Shutting down and abandoning module CoreUObject (5)
[2016.05.12-04.34.40:691][882]LogModuleManager: Shutting down and abandoning module NetworkFile (4)
[2016.05.12-04.34.40:705][882]LogModuleManager: Shutting down and abandoning module StreamingFile (3)
[2016.05.12-04.34.40:705][882]LogModuleManager: Shutting down and abandoning module SandboxFile (2)
[2016.05.12-04.34.40:705][882]LogModuleManager: Shutting down and abandoning module PakFile (1)
[2016.05.12-04.34.40:721][882]LogExit: Exiting.
[2016.05.12-04.34.40:727][882]Log file closed, 05/12/16 12:34:40
